<?xml version="1.0" encoding="UTF-8"?>
<testsuite xmlns:xsi="http://www.w3.org/2001/XMLSchema-instance" xsi:noNamespaceSchemaLocation="https://maven.apache.org/surefire/maven-surefire-plugin/xsd/surefire-test-report-3.0.xsd" version="3.0" name="com.sg.flooringmastery.dao.StateDaoImplTest" time="0.6" tests="3" errors="0" skipped="0" failures="0">
  <properties>
[...]
</properties>
  <testcase name="testReadStateByID" classname="com.sg.flooringmastery.dao.StateDaoImplTest" time="0.497"/>
  <testcase name="testReadStateByIDInvalidStateFail" classname="com.sg.flooringmastery.dao.StateDaoImplTest" time="0.048"/>
  <testcase name="testGetValidStates" classname="com.sg.flooringmastery.dao.StateDaoImplTest" time="0.036"/>
</testsuite>